[debug] [2022-01-09T22:45:30.820Z] ----------------------------------------------------------------------
[debug] [2022-01-09T22:45:30.861Z] Command:       C:\Program Files\nodejs\node.exe C:\Users\HP\AppData\Roaming\npm\node_modules\firebase-tools\lib\bin\firebase.js init functions
[debug] [2022-01-09T22:45:30.862Z] CLI Version:   10.0.1
[debug] [2022-01-09T22:45:30.862Z] Platform:      win32
[debug] [2022-01-09T22:45:30.862Z] Node Version:  v14.17.3
[debug] [2022-01-09T22:45:30.975Z] Time:          Mon Jan 10 2022 01:45:30 GMT+0300 (East Africa Time)
[debug] [2022-01-09T22:45:30.975Z] ----------------------------------------------------------------------
[debug] 
[debug] [2022-01-09T22:45:31.048Z] > command requires scopes: ["email","openid","https://www.googleapis.com/auth/cloudplatformprojects.readonly","https://www.googleapis.com/auth/firebase","https://www.googleapis.com/auth/cloud-platform"]
[debug] [2022-01-09T22:45:31.049Z] > authorizing via signed-in user (barasabrandon@gmail.com)
[info] 
     ######## #### ########  ######## ########     ###     ######  ########
     ##        ##  ##     ## ##       ##     ##  ##   ##  ##       ##
     ######    ##  ########  ######   ########  #########  ######  ######
     ##        ##  ##    ##  ##       ##     ## ##     ##       ## ##
     ##       #### ##     ## ######## ########  ##     ##  ######  ########

You're about to initialize a Firebase project in this directory:

  E:\TECHNOLOGY\REACTPROJECTS\citizen-news-clone

[debug] [2022-08-17T10:33:48.457Z] ----------------------------------------------------------------------
[debug] [2022-08-17T10:33:48.476Z] Command:       C:\Program Files\nodejs\node.exe C:\Users\HP\AppData\Roaming\npm\node_modules\firebase-tools\lib\bin\firebase.js init
[debug] [2022-08-17T10:33:48.478Z] CLI Version:   10.0.1
[debug] [2022-08-17T10:33:48.478Z] Platform:      win32
[debug] [2022-08-17T10:33:48.479Z] Node Version:  v14.17.3
[debug] [2022-08-17T10:33:48.594Z] Time:          Wed Aug 17 2022 13:33:48 GMT+0300 (East Africa Time)
[debug] [2022-08-17T10:33:48.594Z] ----------------------------------------------------------------------
[debug] 
[debug] [2022-08-17T10:33:48.633Z] >>> [apiv2][query] GET https://firebase-public.firebaseio.com/cli.json [none]
[debug] [2022-08-17T10:33:48.714Z] > command requires scopes: ["email","openid","https://www.googleapis.com/auth/cloudplatformprojects.readonly","https://www.googleapis.com/auth/firebase","https://www.googleapis.com/auth/cloud-platform"]
[debug] [2022-08-17T10:33:48.714Z] > authorizing via signed-in user (barasabrandon@gmail.com)
[info] 
     ######## #### ########  ######## ########     ###     ######  ########
     ##        ##  ##     ## ##       ##     ##  ##   ##  ##       ##
     ######    ##  ########  ######   ########  #########  ######  ######
     ##        ##  ##    ##  ##       ##     ## ##     ##       ## ##
     ##       #### ##     ## ######## ########  ##     ##  ######  ########

You're about to initialize a Firebase project in this directory:

  E:\TECHNOLOGY\REACTPROJECTS\citizen-news-clone

[debug] [2022-08-17T10:33:49.615Z] <<< [apiv2][status] GET https://firebase-public.firebaseio.com/cli.json 200
[debug] [2022-08-17T10:33:49.616Z] <<< [apiv2][body] GET https://firebase-public.firebaseio.com/cli.json {"cloudBuildErrorAfter":1594252800000,"cloudBuildWarnAfter":1590019200000,"defaultNode10After":1594252800000,"minVersion":"3.0.5","node8DeploysDisabledAfter":1613390400000,"node8RuntimeDisabledAfter":1615809600000,"node8WarnAfter":1600128000000}
